[[1;34mINFO[m] Scanning for projects...
[[1;34mINFO[m] 
[[1;34mINFO[m] [1m--------------------< [0;36mit.unibs.pissir:macchinetta[0;1m >---------------------[m
[[1;34mINFO[m] [1mBuilding Macchinetta PISSIR 1.0-SNAPSHOT[m
[[1;34mINFO[m]   from pom.xml
[[1;34mINFO[m] [1m--------------------------------[ jar ]---------------------------------[m
[[1;34mINFO[m] 
[[1;34mINFO[m] [1m--- [0;32mexec:3.1.1:java[m [1m(default-cli)[m @ [36mmacchinetta[0;1m ---[m
SLF4J: Failed to load class "org.slf4j.impl.StaticLoggerBinder".
SLF4J: Defaulting to no-operation (NOP) logger implementation
SLF4J: See http://www.slf4j.org/codes.html#StaticLoggerBinder for further details.
[DB] Database inizializzato: jdbc:sqlite:macchinetta_1.db
[Cassa] Inizializzata per macchinetta 1 (capacità: 500, mode: dev)
[CassaAttesa] Avvio subscriber su radix: macchinetta/1/cassa/
[MQTT-SUB] Sottoscritto a: macchinetta/1/cassa/monete
[MQTT-SUB] Sottoscritto a: macchinetta/1/cassa/ridaiSoldi
[MQTT-SUB] Sottoscritto a: macchinetta/1/cassa/numeroBevanda
[MQTT-SUB] Sottoscritto a: macchinetta/1/cassa/zucchero
[CassaAttesa] 4 subscriber attivi.
[CassaMain] Microservizio Cassa avviato per macchinetta 1
